vu_lab4/app/build/intermediates/manifest_merge_blame_file/debug/manifest-merger-blame-debug-report.txt
1<?xml version="1.0" encoding="utf-8"?>
2<manifest xmlns:android="http://schemas.android.com/apk/res/android"
3    package="com.example.todoapp"
4    android:versionCode="1"
5    android:versionName="1.0" >
6
7    <uses-sdk
8        android:minSdkVersion="24"
8-->src\main\AndroidManifest.xml
9        android:targetSdkVersion="31" />
9-->src\main\AndroidManifest.xml
10
11    <application
11-->src\main\AndroidManifest.xml:5:5-24:19
12        android:name="com.example.todoapp.TodoApplication"
12-->src\main\AndroidManifest.xml:6:9-40
13        android:allowBackup="true"
13-->src\main\AndroidManifest.xml:7:9-35
14        android:appComponentFactory="androidx.core.app.CoreComponentFactory"
14-->[androidx.core:core:1.7.0] AndroidManifest.xml:24:18-86
15        android:debuggable="true"
16        android:extractNativeLibs="false"
17        android:icon="@mipmap/ic_launcher"
17-->src\main\AndroidManifest.xml:8:9-43
18        android:label="@string/app_name"
18-->src\main\AndroidManifest.xml:9:9-41
19        android:roundIcon="@mipmap/ic_launcher_round"
19-->src\main\AndroidManifest.xml:10:9-54
20        android:supportsRtl="true"
20-->src\main\AndroidManifest.xml:11:9-35
21        android:testOnly="true"
22        android:theme="@style/Theme.TodoApp" >
22-->src\main\AndroidManifest.xml:12:9-45
23        <activity
23-->src\main\AndroidManifest.xml:13:9-23:20
24            android:name="com.example.todoapp.MainActivity"
24-->src\main\AndroidManifest.xml:14:13-41
25            android:exported="true"
25-->src\main\AndroidManifest.xml:15:13-36
26            android:label="@string/app_name"
26-->src\main\AndroidManifest.xml:16:13-45
27            android:theme="@style/Theme.TodoApp.NoActionBar" >
27-->src\main\AndroidManifest.xml:17:13-61
28            <intent-filter>
28-->src\main\AndroidManifest.xml:18:13-22:29
29                <action android:name="android.intent.action.MAIN" />
29-->src\main\AndroidManifest.xml:19:17-69
29-->src\main\AndroidManifest.xml:19:25-66
30
31                <category android:name="android.intent.category.LAUNCHER" />
31-->src\main\AndroidManifest.xml:21:17-77
31-->src\main\AndroidManifest.xml:21:27-74
32            </intent-filter>
33        </activity>
34        <activity
34-->[androidx.compose.ui:ui-tooling:1.0.1] AndroidManifest.xml:25:9-27:39
35            android:name="androidx.compose.ui.tooling.PreviewActivity"
35-->[androidx.compose.ui:ui-tooling:1.0.1] AndroidManifest.xml:26:13-71
36            android:exported="true" />
36-->[androidx.compose.ui:ui-tooling:1.0.1] AndroidManifest.xml:27:13-36
37
38        <provider
38-->[androidx.emoji2:emoji2:1.0.0] AndroidManifest.xml:26:9-34:20
39            android:name="androidx.startup.InitializationProvider"
39-->[androidx.emoji2:emoji2:1.0.0] AndroidManifest.xml:27:13-67
40            android:authorities="com.example.todoapp.androidx-startup"
40-->[androidx.emoji2:emoji2:1.0.0] AndroidManifest.xml:28:13-68
41            android:exported="false" >
41-->[androidx.emoji2:emoji2:1.0.0] AndroidManifest.xml:29:13-37
42            <meta-data
42-->[androidx.emoji2:emoji2:1.0.0] AndroidManifest.xml:31:13-33:52
43                android:name="androidx.emoji2.text.EmojiCompatInitializer"
43-->[androidx.emoji2:emoji2:1.0.0] AndroidManifest.xml:32:17-75
44                android:value="androidx.startup" />
44-->[androidx.emoji2:emoji2:1.0.0] AndroidManifest.xml:33:17-49
45            <meta-data
45-->[androidx.lifecycle:lifecycle-process:2.4.0] AndroidManifest.xml:31:13-33:52
46                android:name="androidx.lifecycle.ProcessLifecycleInitializer"
46-->[androidx.lifecycle:lifecycle-process:2.4.0] AndroidManifest.xml:32:17-78
47                android:value="androidx.startup" />
47-->[androidx.lifecycle:lifecycle-process:2.4.0] AndroidManifest.xml:33:17-49
48            <meta-data
48-->[androidx.profileinstaller:profileinstaller:1.0.1] AndroidManifest.xml:31:13-33:52
49                android:name="androidx.profileinstaller.ProfileInstallerInitializer"
49-->[androidx.profileinstaller:profileinstaller:1.0.1] AndroidManifest.xml:32:17-85
50                android:value="androidx.startup" />
50-->[androidx.profileinstaller:profileinstaller:1.0.1] AndroidManifest.xml:33:17-49
51        </provider>
52
53        <receiver
53-->[androidx.profileinstaller:profileinstaller:1.0.1] AndroidManifest.xml:36:9-45:20
54            android:name="androidx.profileinstaller.ProfileInstallReceiver"
54-->[androidx.profileinstaller:profileinstaller:1.0.1] AndroidManifest.xml:37:13-76
55            android:directBootAware="false"
55-->[androidx.profileinstaller:profileinstaller:1.0.1] AndroidManifest.xml:38:13-44
56            android:enabled="true"
56-->[androidx.profileinstaller:profileinstaller:1.0.1] AndroidManifest.xml:39:13-35
57            android:exported="true"
57-->[androidx.profileinstaller:profileinstaller:1.0.1] AndroidManifest.xml:40:13-36
58            android:permission="android.permission.DUMP" >
58-->[androidx.profileinstaller:profileinstaller:1.0.1] AndroidManifest.xml:41:13-57
59            <intent-filter>
59-->[androidx.profileinstaller:profileinstaller:1.0.1] AndroidManifest.xml:42:13-44:29
60                <action android:name="androidx.profileinstaller.action.INSTALL_PROFILE" />
60-->[androidx.profileinstaller:profileinstaller:1.0.1] AndroidManifest.xml:43:17-91
60-->[androidx.profileinstaller:profileinstaller:1.0.1] AndroidManifest.xml:43:25-88
61            </intent-filter>
62        </receiver>
63
64        <service
64-->[androidx.room:room-runtime:2.3.0] AndroidManifest.xml:25:9-28:40
65            android:name="androidx.room.MultiInstanceInvalidationService"
65-->[androidx.room:room-runtime:2.3.0] AndroidManifest.xml:26:13-74
66            android:directBootAware="true"
66-->[androidx.room:room-runtime:2.3.0] AndroidManifest.xml:27:13-43
67            android:exported="false" />
67-->[androidx.room:room-runtime:2.3.0] AndroidManifest.xml:28:13-37
68    </application>
69
70</manifest>